<?xml version="1.0" encoding="UTF-8"?>
<testsuite xmlns:xsi="http://www.w3.org/2001/XMLSchema-instance" xsi:noNamespaceSchemaLocation="https://maven.apache.org/surefire/maven-surefire-plugin/xsd/surefire-test-report.xsd" name="NeenaConfigClient.configclient.ConfigclientApplicationTests" time="2.045" tests="1" errors="0" skipped="0" failures="0">
  <properties>
    <property name="java.specification.version" value="18"/>
    <property name="sun.jnu.encoding" value="UTF-8"/>
    <property name="java.class.path" value="/Users/aneena/Downloads/configclient__cf/target/test-classes:/Users/aneena/Downloads/configclient__cf/target/classes:/Users/aneena/.m2/repository/org/springframework/boot/spring-boot-starter-actuator/2.7.1/spring-boot-starter-actuator-2.7.1.jar:/Users/aneena/.m2/repository/org/springframework/boot/spring-boot-starter/2.7.1/spring-boot-starter-2.7.1.jar:/Users/aneena/.m2/repository/org/springframework/boot/spring-boot/2.7.1/spring-boot-2.7.1.jar:/Users/aneena/.m2/repository/org/springframework/boot/spring-boot-autoconfigure/2.7.1/spring-boot-autoconfigure-2.7.1.jar:/Users/aneena/.m2/repository/org/springframework/boot/spring-boot-starter-logging/2.7.1/spring-boot-starter-logging-2.7.1.jar:/Users/aneena/.m2/repository/ch/qos/logback/logback-classic/1.2.11/logback-classic-1.2.11.jar:/Users/aneena/.m2/repository/ch/qos/logback/logback-core/1.2.11/logback-core-1.2.11.jar:/Users/aneena/.m2/repository/org/apache/logging/log4j/log4j-to-slf4j/2.17.2/log4j-to-slf4j-2.17.2.jar:/Users/aneena/.m2/repository/org/apache/logging/log4j/log4j-api/2.17.2/log4j-api-2.17.2.jar:/Users/aneena/.m2/repository/org/slf4j/jul-to-slf4j/1.7.36/jul-to-slf4j-1.7.36.jar:/Users/aneena/.m2/repository/jakarta/annotation/jakarta.annotation-api/1.3.5/jakarta.annotation-api-1.3.5.jar:/Users/aneena/.m2/repository/org/yaml/snakeyaml/1.30/snakeyaml-1.30.jar:/Users/aneena/.m2/repository/org/springframework/boot/spring-boot-actuator-autoconfigure/2.7.1/spring-boot-actuator-autoconfigure-2.7.1.jar:/Users/aneena/.m2/repository/org/springframework/boot/spring-boot-actuator/2.7.1/spring-boot-actuator-2.7.1.jar:/Users/aneena/.m2/repository/com/fasterxml/jackson/core/jackson-databind/2.13.3/jackson-databind-2.13.3.jar:/Users/aneena/.m2/repository/com/fasterxml/jackson/core/jackson-core/2.13.3/jackson-core-2.13.3.jar:/Users/aneena/.m2/repository/com/fasterxml/jackson/datatype/jackson-datatype-jsr310/2.13.3/jackson-datatype-jsr310-2.13.3.jar:/Users/aneena/.m2/repository/io/micrometer/micrometer-core/1.9.1/micrometer-core-1.9.1.jar:/Users/aneena/.m2/repository/org/hdrhistogram/HdrHistogram/2.1.12/HdrHistogram-2.1.12.jar:/Users/aneena/.m2/repository/org/latencyutils/LatencyUtils/2.0.3/LatencyUtils-2.0.3.jar:/Users/aneena/.m2/repository/org/springframework/boot/spring-boot-starter-web/2.7.1/spring-boot-starter-web-2.7.1.jar:/Users/aneena/.m2/repository/org/springframework/boot/spring-boot-starter-json/2.7.1/spring-boot-starter-json-2.7.1.jar:/Users/aneena/.m2/repository/com/fasterxml/jackson/datatype/jackson-datatype-jdk8/2.13.3/jackson-datatype-jdk8-2.13.3.jar:/Users/aneena/.m2/repository/com/fasterxml/jackson/module/jackson-module-parameter-names/2.13.3/jackson-module-parameter-names-2.13.3.jar:/Users/aneena/.m2/repository/org/springframework/boot/spring-boot-starter-tomcat/2.7.1/spring-boot-starter-tomcat-2.7.1.jar:/Users/aneena/.m2/repository/org/apache/tomcat/embed/tomcat-embed-core/9.0.64/tomcat-embed-core-9.0.64.jar:/Users/aneena/.m2/repository/org/apache/tomcat/embed/tomcat-embed-el/9.0.64/tomcat-embed-el-9.0.64.jar:/Users/aneena/.m2/repository/org/apache/tomcat/embed/tomcat-embed-websocket/9.0.64/tomcat-embed-websocket-9.0.64.jar:/Users/aneena/.m2/repository/org/springframework/spring-web/5.3.21/spring-web-5.3.21.jar:/Users/aneena/.m2/repository/org/springframework/spring-beans/5.3.21/spring-beans-5.3.21.jar:/Users/aneena/.m2/repository/org/springframework/spring-webmvc/5.3.21/spring-webmvc-5.3.21.jar:/Users/aneena/.m2/repository/org/springframework/spring-aop/5.3.21/spring-aop-5.3.21.jar:/Users/aneena/.m2/repository/org/springframework/spring-context/5.3.21/spring-context-5.3.21.jar:/Users/aneena/.m2/repository/org/springframework/spring-expression/5.3.21/spring-expression-5.3.21.jar:/Users/aneena/.m2/repository/io/pivotal/spring/cloud/spring-cloud-services-starter-config-client/3.4.0/spring-cloud-services-starter-config-client-3.4.0.jar:/Users/aneena/.m2/repository/io/pivotal/cfenv/java-cfenv-boot-pivotal-scs/2.4.0/java-cfenv-boot-pivotal-scs-2.4.0.jar:/Users/aneena/.m2/repository/io/pivotal/cfenv/java-cfenv-boot/2.4.0/java-cfenv-boot-2.4.0.jar:/Users/aneena/.m2/repository/io/pivotal/cfenv/java-cfenv/2.4.0/java-cfenv-2.4.0.jar:/Users/aneena/.m2/repository/io/pivotal/cfenv/java-cfenv-jdbc/2.4.0/java-cfenv-jdbc-2.4.0.jar:/Users/aneena/.m2/repository/io/pivotal/spring/cloud/spring-cloud-services-config-client-autoconfigure/3.4.0/spring-cloud-services-config-client-autoconfigure-3.4.0.jar:/Users/aneena/.m2/repository/org/springframework/cloud/spring-cloud-config-client/3.1.3/spring-cloud-config-client-3.1.3.jar:/Users/aneena/.m2/repository/org/springframework/cloud/spring-cloud-commons/3.1.3/spring-cloud-commons-3.1.3.jar:/Users/aneena/.m2/repository/org/springframework/security/spring-security-crypto/5.7.2/spring-security-crypto-5.7.2.jar:/Users/aneena/.m2/repository/org/springframework/cloud/spring-cloud-context/3.1.3/spring-cloud-context-3.1.3.jar:/Users/aneena/.m2/repository/com/fasterxml/jackson/core/jackson-annotations/2.13.3/jackson-annotations-2.13.3.jar:/Users/aneena/.m2/repository/org/apache/httpcomponents/httpclient/4.5.13/httpclient-4.5.13.jar:/Users/aneena/.m2/repository/org/apache/httpcomponents/httpcore/4.4.15/httpcore-4.4.15.jar:/Users/aneena/.m2/repository/commons-codec/commons-codec/1.15/commons-codec-1.15.jar:/Users/aneena/.m2/repository/org/springframework/security/spring-security-oauth2-client/5.7.2/spring-security-oauth2-client-5.7.2.jar:/Users/aneena/.m2/repository/org/springframework/security/spring-security-core/5.7.2/spring-security-core-5.7.2.jar:/Users/aneena/.m2/repository/org/springframework/security/spring-security-oauth2-core/5.7.2/spring-security-oauth2-core-5.7.2.jar:/Users/aneena/.m2/repository/org/springframework/security/spring-security-web/5.7.2/spring-security-web-5.7.2.jar:/Users/aneena/.m2/repository/com/nimbusds/oauth2-oidc-sdk/9.35/oauth2-oidc-sdk-9.35.jar:/Users/aneena/.m2/repository/com/github/stephenc/jcip/jcip-annotations/1.0-1/jcip-annotations-1.0-1.jar:/Users/aneena/.m2/repository/com/nimbusds/content-type/2.2/content-type-2.2.jar:/Users/aneena/.m2/repository/com/nimbusds/lang-tag/1.6/lang-tag-1.6.jar:/Users/aneena/.m2/repository/com/nimbusds/nimbus-jose-jwt/9.22/nimbus-jose-jwt-9.22.jar:/Users/aneena/.m2/repository/org/springframework/boot/spring-boot-starter-test/2.7.1/spring-boot-starter-test-2.7.1.jar:/Users/aneena/.m2/repository/org/springframework/boot/spring-boot-test/2.7.1/spring-boot-test-2.7.1.jar:/Users/aneena/.m2/repository/org/springframework/boot/spring-boot-test-autoconfigure/2.7.1/spring-boot-test-autoconfigure-2.7.1.jar:/Users/aneena/.m2/repository/com/jayway/jsonpath/json-path/2.7.0/json-path-2.7.0.jar:/Users/aneena/.m2/repository/net/minidev/json-smart/2.4.8/json-smart-2.4.8.jar:/Users/aneena/.m2/repository/net/minidev/accessors-smart/2.4.8/accessors-smart-2.4.8.jar:/Users/aneena/.m2/repository/org/ow2/asm/asm/9.1/asm-9.1.jar:/Users/aneena/.m2/repository/org/slf4j/slf4j-api/1.7.36/slf4j-api-1.7.36.jar:/Users/aneena/.m2/repository/jakarta/xml/bind/jakarta.xml.bind-api/2.3.3/jakarta.xml.bind-api-2.3.3.jar:/Users/aneena/.m2/repository/jakarta/activation/jakarta.activation-api/1.2.2/jakarta.activation-api-1.2.2.jar:/Users/aneena/.m2/repository/org/assertj/assertj-core/3.22.0/assertj-core-3.22.0.jar:/Users/aneena/.m2/repository/org/hamcrest/hamcrest/2.2/hamcrest-2.2.jar:/Users/aneena/.m2/repository/org/junit/jupiter/junit-jupiter/5.8.2/junit-jupiter-5.8.2.jar:/Users/aneena/.m2/repository/org/junit/jupiter/junit-jupiter-api/5.8.2/junit-jupiter-api-5.8.2.jar:/Users/aneena/.m2/repository/org/opentest4j/opentest4j/1.2.0/opentest4j-1.2.0.jar:/Users/aneena/.m2/repository/org/junit/platform/junit-platform-commons/1.8.2/junit-platform-commons-1.8.2.jar:/Users/aneena/.m2/repository/org/apiguardian/apiguardian-api/1.1.2/apiguardian-api-1.1.2.jar:/Users/aneena/.m2/repository/org/junit/jupiter/junit-jupiter-params/5.8.2/junit-jupiter-params-5.8.2.jar:/Users/aneena/.m2/repository/org/junit/jupiter/junit-jupiter-engine/5.8.2/junit-jupiter-engine-5.8.2.jar:/Users/aneena/.m2/repository/org/junit/platform/junit-platform-engine/1.8.2/junit-platform-engine-1.8.2.jar:/Users/aneena/.m2/repository/org/mockito/mockito-core/4.5.1/mockito-core-4.5.1.jar:/Users/aneena/.m2/repository/net/bytebuddy/byte-buddy/1.12.11/byte-buddy-1.12.11.jar:/Users/aneena/.m2/repository/net/bytebuddy/byte-buddy-agent/1.12.11/byte-buddy-agent-1.12.11.jar:/Users/aneena/.m2/repository/org/objenesis/objenesis/3.2/objenesis-3.2.jar:/Users/aneena/.m2/repository/org/mockito/mockito-junit-jupiter/4.5.1/mockito-junit-jupiter-4.5.1.jar:/Users/aneena/.m2/repository/org/skyscreamer/jsonassert/1.5.0/jsonassert-1.5.0.jar:/Users/aneena/.m2/repository/com/vaadin/external/google/android-json/0.0.20131108.vaadin1/android-json-0.0.20131108.vaadin1.jar:/Users/aneena/.m2/repository/org/springframework/spring-core/5.3.21/spring-core-5.3.21.jar:/Users/aneena/.m2/repository/org/springframework/spring-jcl/5.3.21/spring-jcl-5.3.21.jar:/Users/aneena/.m2/repository/org/springframework/spring-test/5.3.21/spring-test-5.3.21.jar:/Users/aneena/.m2/repository/org/xmlunit/xmlunit-core/2.9.0/xmlunit-core-2.9.0.jar:"/>
    <property name="java.vm.vendor" value="Oracle Corporation"/>
    <property name="sun.arch.data.model" value="64"/>
    <property name="java.vendor.url" value="https://java.oracle.com/"/>
    <property name="os.name" value="Mac OS X"/>
    <property name="java.vm.specification.version" value="18"/>
    <property name="sun.java.launcher" value="SUN_STANDARD"/>
    <property name="user.country" value="US"/>
    <property name="sun.boot.library.path" value="/Library/Java/JavaVirtualMachines/jdk-18.0.1.1.jdk/Contents/Home/lib"/>
    <property name="sun.java.command" value="/Users/aneena/Downloads/configclient__cf/target/surefire/surefirebooter9399162253444210468.jar /Users/aneena/Downloads/configclient__cf/target/surefire 2022-07-13T08-52-00_860-jvmRun1 surefire11656136308255630897tmp surefire_09621720586565983982tmp"/>
    <property name="http.nonProxyHosts" value="local|*.local|169.254/16|*.169.254/16"/>
    <property name="jdk.debug" value="release"/>
    <property name="surefire.test.class.path" value="/Users/aneena/Downloads/configclient__cf/target/test-classes:/Users/aneena/Downloads/configclient__cf/target/classes:/Users/aneena/.m2/repository/org/springframework/boot/spring-boot-starter-actuator/2.7.1/spring-boot-starter-actuator-2.7.1.jar:/Users/aneena/.m2/repository/org/springframework/boot/spring-boot-starter/2.7.1/spring-boot-starter-2.7.1.jar:/Users/aneena/.m2/repository/org/springframework/boot/spring-boot/2.7.1/spring-boot-2.7.1.jar:/Users/aneena/.m2/repository/org/springframework/boot/spring-boot-autoconfigure/2.7.1/spring-boot-autoconfigure-2.7.1.jar:/Users/aneena/.m2/repository/org/springframework/boot/spring-boot-starter-logging/2.7.1/spring-boot-starter-logging-2.7.1.jar:/Users/aneena/.m2/repository/ch/qos/logback/logback-classic/1.2.11/logback-classic-1.2.11.jar:/Users/aneena/.m2/repository/ch/qos/logback/logback-core/1.2.11/logback-core-1.2.11.jar:/Users/aneena/.m2/repository/org/apache/logging/log4j/log4j-to-slf4j/2.17.2/log4j-to-slf4j-2.17.2.jar:/Users/aneena/.m2/repository/org/apache/logging/log4j/log4j-api/2.17.2/log4j-api-2.17.2.jar:/Users/aneena/.m2/repository/org/slf4j/jul-to-slf4j/1.7.36/jul-to-slf4j-1.7.36.jar:/Users/aneena/.m2/repository/jakarta/annotation/jakarta.annotation-api/1.3.5/jakarta.annotation-api-1.3.5.jar:/Users/aneena/.m2/repository/org/yaml/snakeyaml/1.30/snakeyaml-1.30.jar:/Users/aneena/.m2/repository/org/springframework/boot/spring-boot-actuator-autoconfigure/2.7.1/spring-boot-actuator-autoconfigure-2.7.1.jar:/Users/aneena/.m2/repository/org/springframework/boot/spring-boot-actuator/2.7.1/spring-boot-actuator-2.7.1.jar:/Users/aneena/.m2/repository/com/fasterxml/jackson/core/jackson-databind/2.13.3/jackson-databind-2.13.3.jar:/Users/aneena/.m2/repository/com/fasterxml/jackson/core/jackson-core/2.13.3/jackson-core-2.13.3.jar:/Users/aneena/.m2/repository/com/fasterxml/jackson/datatype/jackson-datatype-jsr310/2.13.3/jackson-datatype-jsr310-2.13.3.jar:/Users/aneena/.m2/repository/io/micrometer/micrometer-core/1.9.1/micrometer-core-1.9.1.jar:/Users/aneena/.m2/repository/org/hdrhistogram/HdrHistogram/2.1.12/HdrHistogram-2.1.12.jar:/Users/aneena/.m2/repository/org/latencyutils/LatencyUtils/2.0.3/LatencyUtils-2.0.3.jar:/Users/aneena/.m2/repository/org/springframework/boot/spring-boot-starter-web/2.7.1/spring-boot-starter-web-2.7.1.jar:/Users/aneena/.m2/repository/org/springframework/boot/spring-boot-starter-json/2.7.1/spring-boot-starter-json-2.7.1.jar:/Users/aneena/.m2/repository/com/fasterxml/jackson/datatype/jackson-datatype-jdk8/2.13.3/jackson-datatype-jdk8-2.13.3.jar:/Users/aneena/.m2/repository/com/fasterxml/jackson/module/jackson-module-parameter-names/2.13.3/jackson-module-parameter-names-2.13.3.jar:/Users/aneena/.m2/repository/org/springframework/boot/spring-boot-starter-tomcat/2.7.1/spring-boot-starter-tomcat-2.7.1.jar:/Users/aneena/.m2/repository/org/apache/tomcat/embed/tomcat-embed-core/9.0.64/tomcat-embed-core-9.0.64.jar:/Users/aneena/.m2/repository/org/apache/tomcat/embed/tomcat-embed-el/9.0.64/tomcat-embed-el-9.0.64.jar:/Users/aneena/.m2/repository/org/apache/tomcat/embed/tomcat-embed-websocket/9.0.64/tomcat-embed-websocket-9.0.64.jar:/Users/aneena/.m2/repository/org/springframework/spring-web/5.3.21/spring-web-5.3.21.jar:/Users/aneena/.m2/repository/org/springframework/spring-beans/5.3.21/spring-beans-5.3.21.jar:/Users/aneena/.m2/repository/org/springframework/spring-webmvc/5.3.21/spring-webmvc-5.3.21.jar:/Users/aneena/.m2/repository/org/springframework/spring-aop/5.3.21/spring-aop-5.3.21.jar:/Users/aneena/.m2/repository/org/springframework/spring-context/5.3.21/spring-context-5.3.21.jar:/Users/aneena/.m2/repository/org/springframework/spring-expression/5.3.21/spring-expression-5.3.21.jar:/Users/aneena/.m2/repository/io/pivotal/spring/cloud/spring-cloud-services-starter-config-client/3.4.0/spring-cloud-services-starter-config-client-3.4.0.jar:/Users/aneena/.m2/repository/io/pivotal/cfenv/java-cfenv-boot-pivotal-scs/2.4.0/java-cfenv-boot-pivotal-scs-2.4.0.jar:/Users/aneena/.m2/repository/io/pivotal/cfenv/java-cfenv-boot/2.4.0/java-cfenv-boot-2.4.0.jar:/Users/aneena/.m2/repository/io/pivotal/cfenv/java-cfenv/2.4.0/java-cfenv-2.4.0.jar:/Users/aneena/.m2/repository/io/pivotal/cfenv/java-cfenv-jdbc/2.4.0/java-cfenv-jdbc-2.4.0.jar:/Users/aneena/.m2/repository/io/pivotal/spring/cloud/spring-cloud-services-config-client-autoconfigure/3.4.0/spring-cloud-services-config-client-autoconfigure-3.4.0.jar:/Users/aneena/.m2/repository/org/springframework/cloud/spring-cloud-config-client/3.1.3/spring-cloud-config-client-3.1.3.jar:/Users/aneena/.m2/repository/org/springframework/cloud/spring-cloud-commons/3.1.3/spring-cloud-commons-3.1.3.jar:/Users/aneena/.m2/repository/org/springframework/security/spring-security-crypto/5.7.2/spring-security-crypto-5.7.2.jar:/Users/aneena/.m2/repository/org/springframework/cloud/spring-cloud-context/3.1.3/spring-cloud-context-3.1.3.jar:/Users/aneena/.m2/repository/com/fasterxml/jackson/core/jackson-annotations/2.13.3/jackson-annotations-2.13.3.jar:/Users/aneena/.m2/repository/org/apache/httpcomponents/httpclient/4.5.13/httpclient-4.5.13.jar:/Users/aneena/.m2/repository/org/apache/httpcomponents/httpcore/4.4.15/httpcore-4.4.15.jar:/Users/aneena/.m2/repository/commons-codec/commons-codec/1.15/commons-codec-1.15.jar:/Users/aneena/.m2/repository/org/springframework/security/spring-security-oauth2-client/5.7.2/spring-security-oauth2-client-5.7.2.jar:/Users/aneena/.m2/repository/org/springframework/security/spring-security-core/5.7.2/spring-security-core-5.7.2.jar:/Users/aneena/.m2/repository/org/springframework/security/spring-security-oauth2-core/5.7.2/spring-security-oauth2-core-5.7.2.jar:/Users/aneena/.m2/repository/org/springframework/security/spring-security-web/5.7.2/spring-security-web-5.7.2.jar:/Users/aneena/.m2/repository/com/nimbusds/oauth2-oidc-sdk/9.35/oauth2-oidc-sdk-9.35.jar:/Users/aneena/.m2/repository/com/github/stephenc/jcip/jcip-annotations/1.0-1/jcip-annotations-1.0-1.jar:/Users/aneena/.m2/repository/com/nimbusds/content-type/2.2/content-type-2.2.jar:/Users/aneena/.m2/repository/com/nimbusds/lang-tag/1.6/lang-tag-1.6.jar:/Users/aneena/.m2/repository/com/nimbusds/nimbus-jose-jwt/9.22/nimbus-jose-jwt-9.22.jar:/Users/aneena/.m2/repository/org/springframework/boot/spring-boot-starter-test/2.7.1/spring-boot-starter-test-2.7.1.jar:/Users/aneena/.m2/repository/org/springframework/boot/spring-boot-test/2.7.1/spring-boot-test-2.7.1.jar:/Users/aneena/.m2/repository/org/springframework/boot/spring-boot-test-autoconfigure/2.7.1/spring-boot-test-autoconfigure-2.7.1.jar:/Users/aneena/.m2/repository/com/jayway/jsonpath/json-path/2.7.0/json-path-2.7.0.jar:/Users/aneena/.m2/repository/net/minidev/json-smart/2.4.8/json-smart-2.4.8.jar:/Users/aneena/.m2/repository/net/minidev/accessors-smart/2.4.8/accessors-smart-2.4.8.jar:/Users/aneena/.m2/repository/org/ow2/asm/asm/9.1/asm-9.1.jar:/Users/aneena/.m2/repository/org/slf4j/slf4j-api/1.7.36/slf4j-api-1.7.36.jar:/Users/aneena/.m2/repository/jakarta/xml/bind/jakarta.xml.bind-api/2.3.3/jakarta.xml.bind-api-2.3.3.jar:/Users/aneena/.m2/repository/jakarta/activation/jakarta.activation-api/1.2.2/jakarta.activation-api-1.2.2.jar:/Users/aneena/.m2/repository/org/assertj/assertj-core/3.22.0/assertj-core-3.22.0.jar:/Users/aneena/.m2/repository/org/hamcrest/hamcrest/2.2/hamcrest-2.2.jar:/Users/aneena/.m2/repository/org/junit/jupiter/junit-jupiter/5.8.2/junit-jupiter-5.8.2.jar:/Users/aneena/.m2/repository/org/junit/jupiter/junit-jupiter-api/5.8.2/junit-jupiter-api-5.8.2.jar:/Users/aneena/.m2/repository/org/opentest4j/opentest4j/1.2.0/opentest4j-1.2.0.jar:/Users/aneena/.m2/repository/org/junit/platform/junit-platform-commons/1.8.2/junit-platform-commons-1.8.2.jar:/Users/aneena/.m2/repository/org/apiguardian/apiguardian-api/1.1.2/apiguardian-api-1.1.2.jar:/Users/aneena/.m2/repository/org/junit/jupiter/junit-jupiter-params/5.8.2/junit-jupiter-params-5.8.2.jar:/Users/aneena/.m2/repository/org/junit/jupiter/junit-jupiter-engine/5.8.2/junit-jupiter-engine-5.8.2.jar:/Users/aneena/.m2/repository/org/junit/platform/junit-platform-engine/1.8.2/junit-platform-engine-1.8.2.jar:/Users/aneena/.m2/repository/org/mockito/mockito-core/4.5.1/mockito-core-4.5.1.jar:/Users/aneena/.m2/repository/net/bytebuddy/byte-buddy/1.12.11/byte-buddy-1.12.11.jar:/Users/aneena/.m2/repository/net/bytebuddy/byte-buddy-agent/1.12.11/byte-buddy-agent-1.12.11.jar:/Users/aneena/.m2/repository/org/objenesis/objenesis/3.2/objenesis-3.2.jar:/Users/aneena/.m2/repository/org/mockito/mockito-junit-jupiter/4.5.1/mockito-junit-jupiter-4.5.1.jar:/Users/aneena/.m2/repository/org/skyscreamer/jsonassert/1.5.0/jsonassert-1.5.0.jar:/Users/aneena/.m2/repository/com/vaadin/external/google/android-json/0.0.20131108.vaadin1/android-json-0.0.20131108.vaadin1.jar:/Users/aneena/.m2/repository/org/springframework/spring-core/5.3.21/spring-core-5.3.21.jar:/Users/aneena/.m2/repository/org/springframework/spring-jcl/5.3.21/spring-jcl-5.3.21.jar:/Users/aneena/.m2/repository/org/springframework/spring-test/5.3.21/spring-test-5.3.21.jar:/Users/aneena/.m2/repository/org/xmlunit/xmlunit-core/2.9.0/xmlunit-core-2.9.0.jar:"/>
    <property name="sun.cpu.endian" value="little"/>
    <property name="user.home" value="/Users/aneena"/>
    <property name="user.language" value="en"/>
    <property name="java.specification.vendor" value="Oracle Corporation"/>
    <property name="java.version.date" value="2022-04-22"/>
    <property name="java.home" value="/Library/Java/JavaVirtualMachines/jdk-18.0.1.1.jdk/Contents/Home"/>
    <property name="file.separator" value="/"/>
    <property name="basedir" value="/Users/aneena/Downloads/configclient__cf"/>
    <property name="java.vm.compressedOopsMode" value="Zero based"/>
    <property name="line.separator" value="&#10;"/>
    <property name="java.specification.name" value="Java Platform API Specification"/>
    <property name="java.vm.specification.vendor" value="Oracle Corporation"/>
    <property name="apple.awt.application.name" value="ForkedBooter"/>
    <property name="surefire.real.class.path" value="/Users/aneena/Downloads/configclient__cf/target/surefire/surefirebooter9399162253444210468.jar"/>
    <property name="sun.management.compiler" value="HotSpot 64-Bit Tiered Compilers"/>
    <property name="ftp.nonProxyHosts" value="local|*.local|169.254/16|*.169.254/16"/>
    <property name="java.runtime.version" value="18.0.1.1+2-6"/>
    <property name="user.name" value="aneena"/>
    <property name="path.separator" value=":"/>
    <property name="os.version" value="12.1"/>
    <property name="java.runtime.name" value="Java(TM) SE Runtime Environment"/>
    <property name="file.encoding" value="UTF-8"/>
    <property name="java.vm.name" value="Java HotSpot(TM) 64-Bit Server VM"/>
    <property name="localRepository" value="/Users/aneena/.m2/repository"/>
    <property name="java.vendor.url.bug" value="https://bugreport.java.com/bugreport/"/>
    <property name="java.io.tmpdir" value="/var/folders/tl/9lg95srd7tb0q9p8h70hpd7r0000gp/T/"/>
    <property name="java.version" value="18.0.1.1"/>
    <property name="user.dir" value="/Users/aneena/Downloads/configclient__cf"/>
    <property name="os.arch" value="aarch64"/>
    <property name="java.vm.specification.name" value="Java Virtual Machine Specification"/>
    <property name="native.encoding" value="UTF-8"/>
    <property name="java.library.path" value="/Users/aneena/Library/Java/Extensions:/Library/Java/Extensions:/Network/Library/Java/Extensions:/System/Library/Java/Extensions:/usr/lib/java:."/>
    <property name="java.vm.info" value="mixed mode, sharing"/>
    <property name="java.vendor" value="Oracle Corporation"/>
    <property name="java.vm.version" value="18.0.1.1+2-6"/>
    <property name="sun.io.unicode.encoding" value="UnicodeBig"/>
    <property name="socksNonProxyHosts" value="local|*.local|169.254/16|*.169.254/16"/>
    <property name="java.class.version" value="62.0"/>
  </properties>
  <testcase name="contextLoads" classname="NeenaConfigClient.configclient.ConfigclientApplicationTests" time="0.213"/>
</testsuite>